<?xml version="1.0" encoding="UTF-8"?>
<testng-results skipped="0" failed="0" total="1" passed="1">
  <reporter-output>
  </reporter-output>
  <suite name="Suite" duration-ms="260638" started-at="2017-01-09T05:38:00Z" finished-at="2017-01-09T05:42:21Z">
    <groups>
    </groups>
    <test name="Test" duration-ms="260638" started-at="2017-01-09T05:38:00Z" finished-at="2017-01-09T05:42:21Z">
      <class name="keyword.RunScripts">
        <test-method status="PASS" signature="beforeSuite()[pri:0, instance:keyword.RunScripts@6fc6f14e]" name="beforeSuite" is-config="true" duration-ms="243" started-at="2017-01-09T11:08:00Z" finished-at="2017-01-09T11:08:00Z">
          <reporter-output>
          </reporter-output>
        </test-method> <!-- beforeSuite -->
        <test-method status="PASS" signature="beforeTest()[pri:0, instance:keyword.RunScripts@6fc6f14e]" name="beforeTest" is-config="true" duration-ms="1" started-at="2017-01-09T11:08:00Z" finished-at="2017-01-09T11:08:00Z">
          <reporter-output>
          </reporter-output>
        </test-method> <!-- beforeTest -->
        <test-method status="PASS" signature="startTestCase()[pri:0, instance:keyword.RunScripts@6fc6f14e]" name="startTestCase" is-config="true" duration-ms="0" started-at="2017-01-09T11:08:00Z" finished-at="2017-01-09T11:08:00Z">
          <reporter-output>
          </reporter-output>
        </test-method> <!-- startTestCase -->
        <test-method status="PASS" signature="beforeMethod()[pri:0, instance:keyword.RunScripts@6fc6f14e]" name="beforeMethod" is-config="true" duration-ms="6144" started-at="2017-01-09T11:08:00Z" finished-at="2017-01-09T11:08:07Z">
          <reporter-output>
          </reporter-output>
        </test-method> <!-- beforeMethod -->
        <test-method status="PASS" signature="runScripts()[pri:0, instance:keyword.RunScripts@6fc6f14e]" name="runScripts" duration-ms="253342" started-at="2017-01-09T11:08:07Z" finished-at="2017-01-09T11:12:20Z">
          <reporter-output>
          </reporter-output>
        </test-method> <!-- runScripts -->
        <test-method status="PASS" signature="afterMethod()[pri:0, instance:keyword.RunScripts@6fc6f14e]" name="afterMethod" is-config="true" duration-ms="1135" started-at="2017-01-09T11:12:20Z" finished-at="2017-01-09T11:12:21Z">
          <reporter-output>
          </reporter-output>
        </test-method> <!-- afterMethod -->
        <test-method status="PASS" signature="afterTest()[pri:0, instance:keyword.RunScripts@6fc6f14e]" name="afterTest" is-config="true" duration-ms="0" started-at="2017-01-09T11:12:21Z" finished-at="2017-01-09T11:12:21Z">
          <reporter-output>
          </reporter-output>
        </test-method> <!-- afterTest -->
        <test-method status="PASS" signature="afterSuite()[pri:0, instance:keyword.RunScripts@6fc6f14e]" name="afterSuite" is-config="true" duration-ms="400" started-at="2017-01-09T11:12:21Z" finished-at="2017-01-09T11:12:21Z">
          <reporter-output>
          </reporter-output>
        </test-method> <!-- afterSuite -->
      </class> <!-- keyword.RunScripts -->
    </test> <!-- Test -->
  </suite> <!-- Suite -->
</testng-results>
